<?xml version="1.0" encoding="UTF-8"?>
<testng-results ignored="0" total="21" passed="15" failed="3" skipped="3">
  <reporter-output>
  </reporter-output>
  <suite started-at="2018-10-09T13:00:24Z" name="SuiteOne" finished-at="2018-10-09T13:02:41Z" duration-ms="136868">
    <groups>
    </groups>
    <test started-at="2018-10-09T13:00:24Z" name="init" finished-at="2018-10-09T13:00:24Z" duration-ms="11">
    </test> <!-- init -->
    <test started-at="2018-10-09T13:00:24Z" name="HB Edge" finished-at="2018-10-09T13:01:51Z" duration-ms="86870">
      <class name="agodaAutomation.ReservationOperation">
        <test-method signature="handleCriteriaFilters(java.lang.String, java.lang.String)[pri:0, instance:agodaAutomation.ReservationOperation@1ffaf86]" started-at="2018-10-09T13:01:16Z" name="handleCriteriaFilters" finished-at="2018-10-09T13:01:51Z" duration-ms="35325" status="FAIL">
          <params>
            <param index="0">
              <value>
                <![CDATA[edge]]>
              </value>
            </param>
            <param index="1">
              <value>
                <![CDATA[500]]>
              </value>
            </param>
          </params>
          <exception class="org.openqa.selenium.NoSuchElementException">
            <message>
              <![CDATA[No such element (WARNING: The server did not provide any stacktrace information)
Command duration or timeout: 7 milliseconds
For documentation on this error, please visit: http://seleniumhq.org/exceptions/no_such_element.html
Build info: version: '3.4.0', revision: 'unknown', time: 'unknown'
System info: host: 'DOGAUNAL-840', ip: '192.168.1.126', os.name: 'Windows 10', os.arch: 'amd64', os.version: '10.0', java.version: '9.0.4'
Driver info: org.openqa.selenium.edge.EdgeDriver
Capabilities [{applicationCacheEnabled=true, InPrivate=false, pageLoadStrategy=normal, platform=ANY, acceptSslCerts=true, browserVersion=41.16299.665.0, platformVersion=10, locationContextEnabled=true, webStorageEnabled=true, browserName=MicrosoftEdge, takesScreenshot=true, takesElementScreenshot=true, javascriptEnabled=true, platformName=windows}]
Session ID: 15777C06-64E7-4669-8391-07154F23E876
*** Element info: {Using=xpath, value=//i[contains(@class,'ficon ficon-star-3 star-orange')]}]]>
            </message>
            <full-stacktrace>
              <![CDATA[org.openqa.selenium.NoSuchElementException: No such element (WARNING: The server did not provide any stacktrace information)
Command duration or timeout: 7 milliseconds
For documentation on this error, please visit: http://seleniumhq.org/exceptions/no_such_element.html
Build info: version: '3.4.0', revision: 'unknown', time: 'unknown'
System info: host: 'DOGAUNAL-840', ip: '192.168.1.126', os.name: 'Windows 10', os.arch: 'amd64', os.version: '10.0', java.version: '9.0.4'
Driver info: org.openqa.selenium.edge.EdgeDriver
Capabilities [{applicationCacheEnabled=true, InPrivate=false, pageLoadStrategy=normal, platform=ANY, acceptSslCerts=true, browserVersion=41.16299.665.0, platformVersion=10, locationContextEnabled=true, webStorageEnabled=true, browserName=MicrosoftEdge, takesScreenshot=true, takesElementScreenshot=true, javascriptEnabled=true, platformName=windows}]
Session ID: 15777C06-64E7-4669-8391-07154F23E876
*** Element info: {Using=xpath, value=//i[contains(@class,'ficon ficon-star-3 star-orange')]}
at java.base/jdk.internal.reflect.NativeConstructorAccessorImpl.newInstance0(Native Method)
at java.base/jdk.internal.reflect.NativeConstructorAccessorImpl.newInstance(NativeConstructorAccessorImpl.java:62)
at java.base/jdk.internal.reflect.DelegatingConstructorAccessorImpl.newInstance(DelegatingConstructorAccessorImpl.java:45)
at java.base/java.lang.reflect.Constructor.newInstance(Constructor.java:488)
at org.openqa.selenium.remote.ErrorHandler.createThrowable(ErrorHandler.java:215)
at org.openqa.selenium.remote.ErrorHandler.throwIfResponseFailed(ErrorHandler.java:167)
at org.openqa.selenium.remote.RemoteWebDriver.execute(RemoteWebDriver.java:671)
at org.openqa.selenium.remote.RemoteWebDriver.findElement(RemoteWebDriver.java:410)
at org.openqa.selenium.remote.RemoteWebDriver.findElementByXPath(RemoteWebDriver.java:509)
at org.openqa.selenium.By$ByXPath.findElement(By.java:361)
at org.openqa.selenium.remote.RemoteWebDriver.findElement(RemoteWebDriver.java:402)
at agodaAutomation.ReservationOperation.handleCriteriaFilters(ReservationOperation.java:74)
at java.base/jdk.internal.reflect.NativeMethodAccessorImpl.invoke0(Native Method)
at java.base/jdk.internal.reflect.NativeMethodAccessorImpl.invoke(NativeMethodAccessorImpl.java:62)
at java.base/jdk.internal.reflect.DelegatingMethodAccessorImpl.invoke(DelegatingMethodAccessorImpl.java:43)
at java.base/java.lang.reflect.Method.invoke(Method.java:564)
at org.testng.internal.MethodInvocationHelper.invokeMethod(MethodInvocationHelper.java:124)
at org.testng.internal.Invoker.invokeMethod(Invoker.java:580)
at org.testng.internal.Invoker.invokeTestMethod(Invoker.java:716)
at org.testng.internal.Invoker.invokeTestMethods(Invoker.java:988)
at org.testng.internal.TestMethodWorker.invokeTestMethods(TestMethodWorker.java:125)
at org.testng.internal.TestMethodWorker.run(TestMethodWorker.java:109)
at org.testng.TestRunner.privateRun(TestRunner.java:648)
at org.testng.TestRunner.run(TestRunner.java:505)
at org.testng.SuiteRunner.runTest(SuiteRunner.java:455)
at org.testng.SuiteRunner.access$000(SuiteRunner.java:40)
at org.testng.SuiteRunner$SuiteWorker.run(SuiteRunner.java:489)
at org.testng.internal.thread.ThreadUtil$1.call(ThreadUtil.java:52)
at java.base/java.util.concurrent.FutureTask.run(FutureTask.java:264)
at java.base/java.util.concurrent.ThreadPoolExecutor.runWorker(ThreadPoolExecutor.java:1167)
at java.base/java.util.concurrent.ThreadPoolExecutor$Worker.run(ThreadPoolExecutor.java:641)
at java.base/java.lang.Thread.run(Thread.java:844)
]]>
            </full-stacktrace>
          </exception> <!-- org.openqa.selenium.NoSuchElementException -->
          <reporter-output>
          </reporter-output>
        </test-method> <!-- handleCriteriaFilters -->
        <test-method signature="getTopOffer()[pri:0, instance:agodaAutomation.ReservationOperation@1ffaf86]" started-at="2018-10-09T13:01:51Z" name="getTopOffer" finished-at="2018-10-09T13:01:51Z" depends-on-methods="agodaAutomation.ReservationOperation.handleCriteriaFilters" duration-ms="0" status="SKIP">
          <exception class="java.lang.Throwable">
            <message>
              <![CDATA[Method ReservationOperation.getTopOffer()[pri:0, instance:agodaAutomation.ReservationOperation@1ffaf86] depends on not successfully finished methods]]>
            </message>
            <full-stacktrace>
              <![CDATA[java.lang.Throwable: Method ReservationOperation.getTopOffer()[pri:0, instance:agodaAutomation.ReservationOperation@1ffaf86] depends on not successfully finished methods
at org.testng.internal.Invoker.invokeTestMethods(Invoker.java:887)
at org.testng.internal.TestMethodWorker.invokeTestMethods(TestMethodWorker.java:125)
at org.testng.internal.TestMethodWorker.run(TestMethodWorker.java:109)
at org.testng.TestRunner.privateRun(TestRunner.java:648)
at org.testng.TestRunner.run(TestRunner.java:505)
at org.testng.SuiteRunner.runTest(SuiteRunner.java:455)
at org.testng.SuiteRunner.access$000(SuiteRunner.java:40)
at org.testng.SuiteRunner$SuiteWorker.run(SuiteRunner.java:489)
at org.testng.internal.thread.ThreadUtil$1.call(ThreadUtil.java:52)
at java.base/java.util.concurrent.FutureTask.run(FutureTask.java:264)
at java.base/java.util.concurrent.ThreadPoolExecutor.runWorker(ThreadPoolExecutor.java:1167)
at java.base/java.util.concurrent.ThreadPoolExecutor$Worker.run(ThreadPoolExecutor.java:641)
at java.base/java.lang.Thread.run(Thread.java:844)
]]>
            </full-stacktrace>
          </exception> <!-- java.lang.Throwable -->
          <reporter-output>
          </reporter-output>
        </test-method> <!-- getTopOffer -->
        <test-method signature="clickBookNow()[pri:0, instance:agodaAutomation.ReservationOperation@1ffaf86]" started-at="2018-10-09T13:01:51Z" name="clickBookNow" finished-at="2018-10-09T13:01:51Z" depends-on-methods="agodaAutomation.ReservationOperation.getTopOffer" duration-ms="0" status="SKIP">
          <exception class="java.lang.Throwable">
            <message>
              <![CDATA[Method ReservationOperation.clickBookNow()[pri:0, instance:agodaAutomation.ReservationOperation@1ffaf86] depends on not successfully finished methods]]>
            </message>
            <full-stacktrace>
              <![CDATA[java.lang.Throwable: Method ReservationOperation.clickBookNow()[pri:0, instance:agodaAutomation.ReservationOperation@1ffaf86] depends on not successfully finished methods
at org.testng.internal.Invoker.invokeTestMethods(Invoker.java:887)
at org.testng.internal.TestMethodWorker.invokeTestMethods(TestMethodWorker.java:125)
at org.testng.internal.TestMethodWorker.run(TestMethodWorker.java:109)
at org.testng.TestRunner.privateRun(TestRunner.java:648)
at org.testng.TestRunner.run(TestRunner.java:505)
at org.testng.SuiteRunner.runTest(SuiteRunner.java:455)
at org.testng.SuiteRunner.access$000(SuiteRunner.java:40)
at org.testng.SuiteRunner$SuiteWorker.run(SuiteRunner.java:489)
at org.testng.internal.thread.ThreadUtil$1.call(ThreadUtil.java:52)
at java.base/java.util.concurrent.FutureTask.run(FutureTask.java:264)
at java.base/java.util.concurrent.ThreadPoolExecutor.runWorker(ThreadPoolExecutor.java:1167)
at java.base/java.util.concurrent.ThreadPoolExecutor$Worker.run(ThreadPoolExecutor.java:641)
at java.base/java.lang.Thread.run(Thread.java:844)
]]>
            </full-stacktrace>
          </exception> <!-- java.lang.Throwable -->
          <reporter-output>
          </reporter-output>
        </test-method> <!-- clickBookNow -->
      </class> <!-- agodaAutomation.ReservationOperation -->
      <class name="agodaAutomation.DriverManager">
        <test-method is-config="true" signature="initDriverList(java.lang.String, java.lang.String, java.lang.String, java.lang.String)[pri:0, instance:agodaAutomation.DriverManager@3c7f66c4]" started-at="2018-10-09T13:00:06Z" name="initDriverList" finished-at="2018-10-09T13:00:24Z" duration-ms="18070" status="PASS">
          <params>
            <param index="0">
              <value>
                <![CDATA[cross]]>
              </value>
            </param>
            <param index="1">
              <value>
                <![CDATA[C:\\Users\\doga.unal\\Desktop\\chromedriver.exe]]>
              </value>
            </param>
            <param index="2">
              <value>
                <![CDATA[C:\\Users\\doga.unal\\Desktop\\geckodriver.exe]]>
              </value>
            </param>
            <param index="3">
              <value>
                <![CDATA[C:\\Users\\doga.unal\\Desktop\\edgedriver.exe]]>
              </value>
            </param>
          </params>
          <reporter-output>
          </reporter-output>
        </test-method> <!-- initDriverList -->
      </class> <!-- agodaAutomation.DriverManager -->
      <class name="agodaAutomation.LoginPage">
        <test-method signature="openBrowser(java.lang.String)[pri:0, instance:agodaAutomation.LoginPage@45099dd3]" started-at="2018-10-09T13:00:24Z" name="openBrowser" finished-at="2018-10-09T13:00:31Z" duration-ms="7196" status="PASS">
          <params>
            <param index="0">
              <value>
                <![CDATA[edge]]>
              </value>
            </param>
          </params>
          <reporter-output>
          </reporter-output>
        </test-method> <!-- openBrowser -->
        <test-method signature="openLoginWindow()[pri:0, instance:agodaAutomation.LoginPage@45099dd3]" started-at="2018-10-09T13:00:31Z" name="openLoginWindow" finished-at="2018-10-09T13:00:34Z" depends-on-methods="agodaAutomation.LoginPage.openBrowser" duration-ms="2740" status="PASS">
          <reporter-output>
          </reporter-output>
        </test-method> <!-- openLoginWindow -->
        <test-method signature="handleCurrency()[pri:0, instance:agodaAutomation.LoginPage@45099dd3]" started-at="2018-10-09T13:00:34Z" name="handleCurrency" finished-at="2018-10-09T13:00:49Z" depends-on-methods="agodaAutomation.LoginPage.openLoginWindow" duration-ms="15459" status="PASS">
          <reporter-output>
          </reporter-output>
        </test-method> <!-- handleCurrency -->
        <test-method signature="handleRooms(java.lang.String, java.lang.String, java.lang.String, java.lang.String)[pri:0, instance:agodaAutomation.LoginPage@45099dd3]" started-at="2018-10-09T13:00:49Z" name="handleRooms" finished-at="2018-10-09T13:01:16Z" depends-on-methods="agodaAutomation.LoginPage.handleCurrency" duration-ms="26094" status="PASS">
          <params>
            <param index="0">
              <value>
                <![CDATA[Paris]]>
              </value>
            </param>
            <param index="1">
              <value>
                <![CDATA[4]]>
              </value>
            </param>
            <param index="2">
              <value>
                <![CDATA[20]]>
              </value>
            </param>
            <param index="3">
              <value>
                <![CDATA[23]]>
              </value>
            </param>
          </params>
          <reporter-output>
          </reporter-output>
        </test-method> <!-- handleRooms -->
      </class> <!-- agodaAutomation.LoginPage -->
    </test> <!-- HB Edge -->
    <test started-at="2018-10-09T13:00:24Z" name="HB Chrome" finished-at="2018-10-09T13:02:34Z" duration-ms="130440">
      <class name="agodaAutomation.ReservationOperation">
        <test-method signature="handleCriteriaFilters(java.lang.String, java.lang.String)[pri:0, instance:agodaAutomation.ReservationOperation@537f60bf]" started-at="2018-10-09T13:01:38Z" name="handleCriteriaFilters" finished-at="2018-10-09T13:02:34Z" duration-ms="56252" status="PASS">
          <params>
            <param index="0">
              <value>
                <![CDATA[chrome]]>
              </value>
            </param>
            <param index="1">
              <value>
                <![CDATA[500]]>
              </value>
            </param>
          </params>
          <reporter-output>
          </reporter-output>
        </test-method> <!-- handleCriteriaFilters -->
        <test-method signature="getTopOffer()[pri:0, instance:agodaAutomation.ReservationOperation@537f60bf]" started-at="2018-10-09T13:02:34Z" name="getTopOffer" finished-at="2018-10-09T13:02:34Z" depends-on-methods="agodaAutomation.ReservationOperation.handleCriteriaFilters" duration-ms="95" status="FAIL">
          <exception class="org.openqa.selenium.WebDriverException">
            <message>
              <![CDATA[unknown error: Element is not clickable at point (533, 657)
  (Session info: chrome=69.0.3497.100)
  (Driver info: chromedriver=2.42.591088 (7b2b2dca23cca0862f674758c9a3933e685c27d5),platform=Windows NT 10.0.16299 x86_64) (WARNING: The server did not provide any stacktrace information)
Command duration or timeout: 63 milliseconds
Build info: version: '3.4.0', revision: 'unknown', time: 'unknown'
System info: host: 'DOGAUNAL-840', ip: '192.168.1.126', os.name: 'Windows 10', os.arch: 'amd64', os.version: '10.0', java.version: '9.0.4'
Driver info: org.openqa.selenium.chrome.ChromeDriver
Capabilities [{mobileEmulationEnabled=false, hasTouchScreen=false, platform=XP, acceptSslCerts=false, goog:chromeOptions={debuggerAddress=localhost:57109}, acceptInsecureCerts=false, webStorageEnabled=true, browserName=chrome, takesScreenshot=true, javascriptEnabled=true, setWindowRect=true, unexpectedAlertBehaviour=, applicationCacheEnabled=false, rotatable=false, networkConnectionEnabled=false, chrome={chromedriverVersion=2.42.591088 (7b2b2dca23cca0862f674758c9a3933e685c27d5), userDataDir=C:\Users\DOGA~1.UNA\AppData\Local\Temp\scoped_dir15576_18142}, takesHeapSnapshot=true, pageLoadStrategy=normal, databaseEnabled=false, handlesAlerts=true, version=69.0.3497.100, browserConnectionEnabled=false, nativeEvents=true, locationContextEnabled=true, cssSelectorsEnabled=true}]
Session ID: a694cb2d54e7b69a3469849401edfa25]]>
            </message>
            <full-stacktrace>
              <![CDATA[org.openqa.selenium.WebDriverException: unknown error: Element is not clickable at point (533, 657)
  (Session info: chrome=69.0.3497.100)
  (Driver info: chromedriver=2.42.591088 (7b2b2dca23cca0862f674758c9a3933e685c27d5),platform=Windows NT 10.0.16299 x86_64) (WARNING: The server did not provide any stacktrace information)
Command duration or timeout: 63 milliseconds
Build info: version: '3.4.0', revision: 'unknown', time: 'unknown'
System info: host: 'DOGAUNAL-840', ip: '192.168.1.126', os.name: 'Windows 10', os.arch: 'amd64', os.version: '10.0', java.version: '9.0.4'
Driver info: org.openqa.selenium.chrome.ChromeDriver
Capabilities [{mobileEmulationEnabled=false, hasTouchScreen=false, platform=XP, acceptSslCerts=false, goog:chromeOptions={debuggerAddress=localhost:57109}, acceptInsecureCerts=false, webStorageEnabled=true, browserName=chrome, takesScreenshot=true, javascriptEnabled=true, setWindowRect=true, unexpectedAlertBehaviour=, applicationCacheEnabled=false, rotatable=false, networkConnectionEnabled=false, chrome={chromedriverVersion=2.42.591088 (7b2b2dca23cca0862f674758c9a3933e685c27d5), userDataDir=C:\Users\DOGA~1.UNA\AppData\Local\Temp\scoped_dir15576_18142}, takesHeapSnapshot=true, pageLoadStrategy=normal, databaseEnabled=false, handlesAlerts=true, version=69.0.3497.100, browserConnectionEnabled=false, nativeEvents=true, locationContextEnabled=true, cssSelectorsEnabled=true}]
Session ID: a694cb2d54e7b69a3469849401edfa25
at java.base/jdk.internal.reflect.NativeConstructorAccessorImpl.newInstance0(Native Method)
at java.base/jdk.internal.reflect.NativeConstructorAccessorImpl.newInstance(NativeConstructorAccessorImpl.java:62)
at java.base/jdk.internal.reflect.DelegatingConstructorAccessorImpl.newInstance(DelegatingConstructorAccessorImpl.java:45)
at java.base/java.lang.reflect.Constructor.newInstance(Constructor.java:488)
at org.openqa.selenium.remote.ErrorHandler.createThrowable(ErrorHandler.java:215)
at org.openqa.selenium.remote.ErrorHandler.throwIfResponseFailed(ErrorHandler.java:167)
at org.openqa.selenium.remote.RemoteWebDriver.execute(RemoteWebDriver.java:671)
at org.openqa.selenium.remote.RemoteWebElement.execute(RemoteWebElement.java:272)
at org.openqa.selenium.remote.RemoteWebElement.click(RemoteWebElement.java:82)
at agodaAutomation.ReservationOperation.getTopOffer(ReservationOperation.java:109)
at java.base/jdk.internal.reflect.NativeMethodAccessorImpl.invoke0(Native Method)
at java.base/jdk.internal.reflect.NativeMethodAccessorImpl.invoke(NativeMethodAccessorImpl.java:62)
at java.base/jdk.internal.reflect.DelegatingMethodAccessorImpl.invoke(DelegatingMethodAccessorImpl.java:43)
at java.base/java.lang.reflect.Method.invoke(Method.java:564)
at org.testng.internal.MethodInvocationHelper.invokeMethod(MethodInvocationHelper.java:124)
at org.testng.internal.Invoker.invokeMethod(Invoker.java:580)
at org.testng.internal.Invoker.invokeTestMethod(Invoker.java:716)
at org.testng.internal.Invoker.invokeTestMethods(Invoker.java:988)
at org.testng.internal.TestMethodWorker.invokeTestMethods(TestMethodWorker.java:125)
at org.testng.internal.TestMethodWorker.run(TestMethodWorker.java:109)
at org.testng.TestRunner.privateRun(TestRunner.java:648)
at org.testng.TestRunner.run(TestRunner.java:505)
at org.testng.SuiteRunner.runTest(SuiteRunner.java:455)
at org.testng.SuiteRunner.access$000(SuiteRunner.java:40)
at org.testng.SuiteRunner$SuiteWorker.run(SuiteRunner.java:489)
at org.testng.internal.thread.ThreadUtil$1.call(ThreadUtil.java:52)
at java.base/java.util.concurrent.FutureTask.run(FutureTask.java:264)
at java.base/java.util.concurrent.ThreadPoolExecutor.runWorker(ThreadPoolExecutor.java:1167)
at java.base/java.util.concurrent.ThreadPoolExecutor$Worker.run(ThreadPoolExecutor.java:641)
at java.base/java.lang.Thread.run(Thread.java:844)
]]>
            </full-stacktrace>
          </exception> <!-- org.openqa.selenium.WebDriverException -->
          <reporter-output>
          </reporter-output>
        </test-method> <!-- getTopOffer -->
        <test-method signature="clickBookNow()[pri:0, instance:agodaAutomation.ReservationOperation@537f60bf]" started-at="2018-10-09T13:02:34Z" name="clickBookNow" finished-at="2018-10-09T13:02:34Z" depends-on-methods="agodaAutomation.ReservationOperation.getTopOffer" duration-ms="0" status="SKIP">
          <exception class="java.lang.Throwable">
            <message>
              <![CDATA[Method ReservationOperation.clickBookNow()[pri:0, instance:agodaAutomation.ReservationOperation@537f60bf] depends on not successfully finished methods]]>
            </message>
            <full-stacktrace>
              <![CDATA[java.lang.Throwable: Method ReservationOperation.clickBookNow()[pri:0, instance:agodaAutomation.ReservationOperation@537f60bf] depends on not successfully finished methods
at org.testng.internal.Invoker.invokeTestMethods(Invoker.java:887)
at org.testng.internal.TestMethodWorker.invokeTestMethods(TestMethodWorker.java:125)
at org.testng.internal.TestMethodWorker.run(TestMethodWorker.java:109)
at org.testng.TestRunner.privateRun(TestRunner.java:648)
at org.testng.TestRunner.run(TestRunner.java:505)
at org.testng.SuiteRunner.runTest(SuiteRunner.java:455)
at org.testng.SuiteRunner.access$000(SuiteRunner.java:40)
at org.testng.SuiteRunner$SuiteWorker.run(SuiteRunner.java:489)
at org.testng.internal.thread.ThreadUtil$1.call(ThreadUtil.java:52)
at java.base/java.util.concurrent.FutureTask.run(FutureTask.java:264)
at java.base/java.util.concurrent.ThreadPoolExecutor.runWorker(ThreadPoolExecutor.java:1167)
at java.base/java.util.concurrent.ThreadPoolExecutor$Worker.run(ThreadPoolExecutor.java:641)
at java.base/java.lang.Thread.run(Thread.java:844)
]]>
            </full-stacktrace>
          </exception> <!-- java.lang.Throwable -->
          <reporter-output>
          </reporter-output>
        </test-method> <!-- clickBookNow -->
      </class> <!-- agodaAutomation.ReservationOperation -->
      <class name="agodaAutomation.LoginPage">
        <test-method signature="openBrowser(java.lang.String)[pri:0, instance:agodaAutomation.LoginPage@6221a451]" started-at="2018-10-09T13:00:24Z" name="openBrowser" finished-at="2018-10-09T13:00:38Z" duration-ms="13835" status="PASS">
          <params>
            <param index="0">
              <value>
                <![CDATA[chrome]]>
              </value>
            </param>
          </params>
          <reporter-output>
          </reporter-output>
        </test-method> <!-- openBrowser -->
        <test-method signature="openLoginWindow()[pri:0, instance:agodaAutomation.LoginPage@6221a451]" started-at="2018-10-09T13:00:38Z" name="openLoginWindow" finished-at="2018-10-09T13:00:41Z" depends-on-methods="agodaAutomation.LoginPage.openBrowser" duration-ms="3122" status="PASS">
          <reporter-output>
          </reporter-output>
        </test-method> <!-- openLoginWindow -->
        <test-method signature="handleCurrency()[pri:0, instance:agodaAutomation.LoginPage@6221a451]" started-at="2018-10-09T13:00:41Z" name="handleCurrency" finished-at="2018-10-09T13:00:59Z" depends-on-methods="agodaAutomation.LoginPage.openLoginWindow" duration-ms="18426" status="PASS">
          <reporter-output>
          </reporter-output>
        </test-method> <!-- handleCurrency -->
        <test-method signature="handleRooms(java.lang.String, java.lang.String, java.lang.String, java.lang.String)[pri:0, instance:agodaAutomation.LoginPage@6221a451]" started-at="2018-10-09T13:00:59Z" name="handleRooms" finished-at="2018-10-09T13:01:38Z" depends-on-methods="agodaAutomation.LoginPage.handleCurrency" duration-ms="38658" status="PASS">
          <params>
            <param index="0">
              <value>
                <![CDATA[Paris]]>
              </value>
            </param>
            <param index="1">
              <value>
                <![CDATA[4]]>
              </value>
            </param>
            <param index="2">
              <value>
                <![CDATA[20]]>
              </value>
            </param>
            <param index="3">
              <value>
                <![CDATA[23]]>
              </value>
            </param>
          </params>
          <reporter-output>
          </reporter-output>
        </test-method> <!-- handleRooms -->
      </class> <!-- agodaAutomation.LoginPage -->
    </test> <!-- HB Chrome -->
    <test started-at="2018-10-09T13:00:24Z" name="HB Firefox" finished-at="2018-10-09T13:02:41Z" duration-ms="136867">
      <class name="agodaAutomation.ReservationOperation">
        <test-method signature="handleCriteriaFilters(java.lang.String, java.lang.String)[pri:0, instance:agodaAutomation.ReservationOperation@38cee291]" started-at="2018-10-09T13:01:24Z" name="handleCriteriaFilters" finished-at="2018-10-09T13:02:20Z" duration-ms="56317" status="PASS">
          <params>
            <param index="0">
              <value>
                <![CDATA[firefox]]>
              </value>
            </param>
            <param index="1">
              <value>
                <![CDATA[500]]>
              </value>
            </param>
          </params>
          <reporter-output>
          </reporter-output>
        </test-method> <!-- handleCriteriaFilters -->
        <test-method signature="getTopOffer()[pri:0, instance:agodaAutomation.ReservationOperation@38cee291]" started-at="2018-10-09T13:02:20Z" name="getTopOffer" finished-at="2018-10-09T13:02:31Z" depends-on-methods="agodaAutomation.ReservationOperation.handleCriteriaFilters" duration-ms="10373" status="PASS">
          <reporter-output>
          </reporter-output>
        </test-method> <!-- getTopOffer -->
        <test-method signature="clickBookNow()[pri:0, instance:agodaAutomation.ReservationOperation@38cee291]" started-at="2018-10-09T13:02:31Z" name="clickBookNow" finished-at="2018-10-09T13:02:41Z" depends-on-methods="agodaAutomation.ReservationOperation.getTopOffer" duration-ms="10199" status="FAIL">
          <exception class="org.openqa.selenium.NoSuchElementException">
            <message>
              <![CDATA[Unable to locate element: //button[@data-element-name='search-button'] 
For documentation on this error, please visit: http://seleniumhq.org/exceptions/no_such_element.html
Build info: version: '3.4.0', revision: 'unknown', time: 'unknown'
System info: host: 'DOGAUNAL-840', ip: '192.168.1.126', os.name: 'Windows 10', os.arch: 'amd64', os.version: '10.0', java.version: '9.0.4'
Driver info: org.openqa.selenium.firefox.FirefoxDriver
Capabilities [{moz:profile=C:\Users\DOGA~1.UNA\AppData\Local\Temp\rust_mozprofile.6DRW7Ug7FwnW, rotatable=false, timeouts={implicit=0.0, page load=300000.0, script=30000.0}, pageLoadStrategy=normal, platform=ANY, specificationLevel=0.0, moz:accessibilityChecks=false, acceptInsecureCerts=false, browserVersion=52.7.0, platformVersion=10.0, moz:processID=14740.0, browserName=firefox, javascriptEnabled=true, platformName=windows_nt}]
Session ID: 76a6e702-888e-4247-9986-6595889e4446
*** Element info: {Using=xpath, value=//button[@data-element-name='search-button'] }]]>
            </message>
            <full-stacktrace>
              <![CDATA[org.openqa.selenium.NoSuchElementException: Unable to locate element: //button[@data-element-name='search-button'] 
For documentation on this error, please visit: http://seleniumhq.org/exceptions/no_such_element.html
Build info: version: '3.4.0', revision: 'unknown', time: 'unknown'
System info: host: 'DOGAUNAL-840', ip: '192.168.1.126', os.name: 'Windows 10', os.arch: 'amd64', os.version: '10.0', java.version: '9.0.4'
Driver info: org.openqa.selenium.firefox.FirefoxDriver
Capabilities [{moz:profile=C:\Users\DOGA~1.UNA\AppData\Local\Temp\rust_mozprofile.6DRW7Ug7FwnW, rotatable=false, timeouts={implicit=0.0, page load=300000.0, script=30000.0}, pageLoadStrategy=normal, platform=ANY, specificationLevel=0.0, moz:accessibilityChecks=false, acceptInsecureCerts=false, browserVersion=52.7.0, platformVersion=10.0, moz:processID=14740.0, browserName=firefox, javascriptEnabled=true, platformName=windows_nt}]
Session ID: 76a6e702-888e-4247-9986-6595889e4446
*** Element info: {Using=xpath, value=//button[@data-element-name='search-button'] }
at java.base/jdk.internal.reflect.NativeConstructorAccessorImpl.newInstance0(Native Method)
at java.base/jdk.internal.reflect.NativeConstructorAccessorImpl.newInstance(NativeConstructorAccessorImpl.java:62)
at java.base/jdk.internal.reflect.DelegatingConstructorAccessorImpl.newInstance(DelegatingConstructorAccessorImpl.java:45)
at java.base/java.lang.reflect.Constructor.newInstance(Constructor.java:488)
at org.openqa.selenium.remote.http.W3CHttpResponseCodec.createException(W3CHttpResponseCodec.java:150)
at org.openqa.selenium.remote.http.W3CHttpResponseCodec.decode(W3CHttpResponseCodec.java:115)
at org.openqa.selenium.remote.http.W3CHttpResponseCodec.decode(W3CHttpResponseCodec.java:45)
at org.openqa.selenium.remote.HttpCommandExecutor.execute(HttpCommandExecutor.java:164)
at org.openqa.selenium.remote.service.DriverCommandExecutor.execute(DriverCommandExecutor.java:82)
at org.openqa.selenium.remote.RemoteWebDriver.execute(RemoteWebDriver.java:637)
at org.openqa.selenium.remote.RemoteWebDriver.findElement(RemoteWebDriver.java:410)
at org.openqa.selenium.remote.RemoteWebDriver.findElementByXPath(RemoteWebDriver.java:509)
at org.openqa.selenium.By$ByXPath.findElement(By.java:361)
at org.openqa.selenium.remote.RemoteWebDriver.findElement(RemoteWebDriver.java:402)
at agodaAutomation.ReservationOperation.clickBookNow(ReservationOperation.java:130)
at java.base/jdk.internal.reflect.NativeMethodAccessorImpl.invoke0(Native Method)
at java.base/jdk.internal.reflect.NativeMethodAccessorImpl.invoke(NativeMethodAccessorImpl.java:62)
at java.base/jdk.internal.reflect.DelegatingMethodAccessorImpl.invoke(DelegatingMethodAccessorImpl.java:43)
at java.base/java.lang.reflect.Method.invoke(Method.java:564)
at org.testng.internal.MethodInvocationHelper.invokeMethod(MethodInvocationHelper.java:124)
at org.testng.internal.Invoker.invokeMethod(Invoker.java:580)
at org.testng.internal.Invoker.invokeTestMethod(Invoker.java:716)
at org.testng.internal.Invoker.invokeTestMethods(Invoker.java:988)
at org.testng.internal.TestMethodWorker.invokeTestMethods(TestMethodWorker.java:125)
at org.testng.internal.TestMethodWorker.run(TestMethodWorker.java:109)
at org.testng.TestRunner.privateRun(TestRunner.java:648)
at org.testng.TestRunner.run(TestRunner.java:505)
at org.testng.SuiteRunner.runTest(SuiteRunner.java:455)
at org.testng.SuiteRunner.access$000(SuiteRunner.java:40)
at org.testng.SuiteRunner$SuiteWorker.run(SuiteRunner.java:489)
at org.testng.internal.thread.ThreadUtil$1.call(ThreadUtil.java:52)
at java.base/java.util.concurrent.FutureTask.run(FutureTask.java:264)
at java.base/java.util.concurrent.ThreadPoolExecutor.runWorker(ThreadPoolExecutor.java:1167)
at java.base/java.util.concurrent.ThreadPoolExecutor$Worker.run(ThreadPoolExecutor.java:641)
at java.base/java.lang.Thread.run(Thread.java:844)
]]>
            </full-stacktrace>
          </exception> <!-- org.openqa.selenium.NoSuchElementException -->
          <reporter-output>
          </reporter-output>
        </test-method> <!-- clickBookNow -->
      </class> <!-- agodaAutomation.ReservationOperation -->
      <class name="agodaAutomation.LoginPage">
        <test-method signature="openBrowser(java.lang.String)[pri:0, instance:agodaAutomation.LoginPage@1e0b4072]" started-at="2018-10-09T13:00:24Z" name="openBrowser" finished-at="2018-10-09T13:00:37Z" duration-ms="13366" status="PASS">
          <params>
            <param index="0">
              <value>
                <![CDATA[firefox]]>
              </value>
            </param>
          </params>
          <reporter-output>
          </reporter-output>
        </test-method> <!-- openBrowser -->
        <test-method signature="openLoginWindow()[pri:0, instance:agodaAutomation.LoginPage@1e0b4072]" started-at="2018-10-09T13:00:37Z" name="openLoginWindow" finished-at="2018-10-09T13:00:41Z" depends-on-methods="agodaAutomation.LoginPage.openBrowser" duration-ms="3337" status="PASS">
          <reporter-output>
          </reporter-output>
        </test-method> <!-- openLoginWindow -->
        <test-method signature="handleCurrency()[pri:0, instance:agodaAutomation.LoginPage@1e0b4072]" started-at="2018-10-09T13:00:41Z" name="handleCurrency" finished-at="2018-10-09T13:00:57Z" depends-on-methods="agodaAutomation.LoginPage.openLoginWindow" duration-ms="15892" status="PASS">
          <reporter-output>
          </reporter-output>
        </test-method> <!-- handleCurrency -->
        <test-method signature="handleRooms(java.lang.String, java.lang.String, java.lang.String, java.lang.String)[pri:0, instance:agodaAutomation.LoginPage@1e0b4072]" started-at="2018-10-09T13:00:57Z" name="handleRooms" finished-at="2018-10-09T13:01:24Z" depends-on-methods="agodaAutomation.LoginPage.handleCurrency" duration-ms="27335" status="PASS">
          <params>
            <param index="0">
              <value>
                <![CDATA[Paris]]>
              </value>
            </param>
            <param index="1">
              <value>
                <![CDATA[4]]>
              </value>
            </param>
            <param index="2">
              <value>
                <![CDATA[20]]>
              </value>
            </param>
            <param index="3">
              <value>
                <![CDATA[23]]>
              </value>
            </param>
          </params>
          <reporter-output>
          </reporter-output>
        </test-method> <!-- handleRooms -->
      </class> <!-- agodaAutomation.LoginPage -->
    </test> <!-- HB Firefox -->
  </suite> <!-- SuiteOne -->
</testng-results>
