<?xml version="1.0" encoding="UTF-8"?>
<!-- Generated by org.testng.reporters.JUnitXMLReporter -->
<testsuite ignored="0" hostname="DOGAUNAL-840" failures="1" tests="7" name="HB Firefox" time="136.867" errors="0" timestamp="09 Eki 2018 13:02:41 GMT">
  <testcase classname="agodaAutomation.LoginPage" name="openBrowser" time="13.366"/>
  <testcase classname="agodaAutomation.LoginPage" name="openLoginWindow" time="3.337"/>
  <testcase classname="agodaAutomation.LoginPage" name="handleCurrency" time="15.892"/>
  <testcase classname="agodaAutomation.LoginPage" name="handleRooms" time="27.335"/>
  <testcase classname="agodaAutomation.ReservationOperation" name="handleCriteriaFilters" time="56.317"/>
  <testcase classname="agodaAutomation.ReservationOperation" name="getTopOffer" time="10.373"/>
  <testcase classname="agodaAutomation.ReservationOperation" name="clickBookNow" time="10.199">
    <failure type="org.openqa.selenium.NoSuchElementException" message="Unable to locate element: //button[@data-element-name=&amp;apos;search-button&amp;apos;] 
For documentation on this error, please visit: http://seleniumhq.org/exceptions/no_such_element.html
Build info: version: &amp;apos;3.4.0&amp;apos;, revision: &amp;apos;unknown&amp;apos;, time: &amp;apos;unknown&amp;apos;
System info: host: &amp;apos;DOGAUNAL-840&amp;apos;, ip: &amp;apos;192.168.1.126&amp;apos;, os.name: &amp;apos;Windows 10&amp;apos;, os.arch: &amp;apos;amd64&amp;apos;, os.version: &amp;apos;10.0&amp;apos;, java.version: &amp;apos;9.0.4&amp;apos;
Driver info: org.openqa.selenium.firefox.FirefoxDriver
Capabilities [{moz:profile=C:\Users\DOGA~1.UNA\AppData\Local\Temp\rust_mozprofile.6DRW7Ug7FwnW, rotatable=false, timeouts={implicit=0.0, page load=300000.0, script=30000.0}, pageLoadStrategy=normal, platform=ANY, specificationLevel=0.0, moz:accessibilityChecks=false, acceptInsecureCerts=false, browserVersion=52.7.0, platformVersion=10.0, moz:processID=14740.0, browserName=firefox, javascriptEnabled=true, platformName=windows_nt}]
Session ID: 76a6e702-888e-4247-9986-6595889e4446
*** Element info: {Using=xpath, value=//button[@data-element-name=&amp;apos;search-button&amp;apos;] }">
      <![CDATA[org.openqa.selenium.NoSuchElementException: Unable to locate element: //button[@data-element-name='search-button'] 
For documentation on this error, please visit: http://seleniumhq.org/exceptions/no_such_element.html
Build info: version: '3.4.0', revision: 'unknown', time: 'unknown'
System info: host: 'DOGAUNAL-840', ip: '192.168.1.126', os.name: 'Windows 10', os.arch: 'amd64', os.version: '10.0', java.version: '9.0.4'
Driver info: org.openqa.selenium.firefox.FirefoxDriver
Capabilities [{moz:profile=C:\Users\DOGA~1.UNA\AppData\Local\Temp\rust_mozprofile.6DRW7Ug7FwnW, rotatable=false, timeouts={implicit=0.0, page load=300000.0, script=30000.0}, pageLoadStrategy=normal, platform=ANY, specificationLevel=0.0, moz:accessibilityChecks=false, acceptInsecureCerts=false, browserVersion=52.7.0, platformVersion=10.0, moz:processID=14740.0, browserName=firefox, javascriptEnabled=true, platformName=windows_nt}]
Session ID: 76a6e702-888e-4247-9986-6595889e4446
*** Element info: {Using=xpath, value=//button[@data-element-name='search-button'] }
at org.openqa.selenium.remote.http.W3CHttpResponseCodec.createException(W3CHttpResponseCodec.java:150)
at org.openqa.selenium.remote.http.W3CHttpResponseCodec.decode(W3CHttpResponseCodec.java:115)
at org.openqa.selenium.remote.http.W3CHttpResponseCodec.decode(W3CHttpResponseCodec.java:45)
at org.openqa.selenium.remote.HttpCommandExecutor.execute(HttpCommandExecutor.java:164)
at org.openqa.selenium.remote.service.DriverCommandExecutor.execute(DriverCommandExecutor.java:82)
at org.openqa.selenium.remote.RemoteWebDriver.execute(RemoteWebDriver.java:637)
at org.openqa.selenium.remote.RemoteWebDriver.findElement(RemoteWebDriver.java:410)
at org.openqa.selenium.remote.RemoteWebDriver.findElementByXPath(RemoteWebDriver.java:509)
at org.openqa.selenium.By$ByXPath.findElement(By.java:361)
at org.openqa.selenium.remote.RemoteWebDriver.findElement(RemoteWebDriver.java:402)
at agodaAutomation.ReservationOperation.clickBookNow(ReservationOperation.java:130)
at java.base/java.util.concurrent.FutureTask.run(FutureTask.java:264)
at java.base/java.util.concurrent.ThreadPoolExecutor.runWorker(ThreadPoolExecutor.java:1167)
at java.base/java.util.concurrent.ThreadPoolExecutor$Worker.run(ThreadPoolExecutor.java:641)
at java.base/java.lang.Thread.run(Thread.java:844)
... Removed 20 stack frames]]>
    </failure>
  </testcase> <!-- clickBookNow -->
</testsuite> <!-- HB Firefox -->
